Resolving dependencies...
Downloading packages...
  characters 1.4.0 (1.4.1 available)
  flutter_lints 4.0.0 (6.0.0 available)
  flutter_map 7.0.2 (8.2.2 available)
  flutter_riverpod 2.6.1 (3.0.3 available)
  go_router 14.8.1 (17.0.1 available)
  intl 0.19.0 (0.20.2 available)
  lints 4.0.0 (6.0.0 available)
  matcher 0.12.17 (0.12.18 available)
  material_color_utilities 0.11.1 (0.13.0 available)
  mgrs_dart 2.0.0 (3.0.0 available)
  proj4dart 2.1.0 (3.0.0 available)
  riverpod 2.6.1 (3.0.3 available)
  test_api 0.7.7 (0.7.8 available)
  unicode 0.3.1 (1.1.8 available)
Got dependencies!
14 packages have newer versions incompatible with dependency constraints.
Try `flutter pub outdated` for more information.
Building Windows application...                                 
lib/features/map/domain/destination_pin_model.dart(1,16): error G855444BB: The final variable 'id' must be initialized. [D:\JOSEPH VISHAL\OneDrive\Documents\MSRIT\3rd Year\WhackIest\travel_hackathon-main\build\windows\x64\flutter\flutter_assemble.vcxproj]
lib/features/map/domain/destination_pin_model.dart(2,16): error G855444BB: The final variable 'latitude' must be initialized. [D:\JOSEPH VISHAL\OneDrive\Documents\MSRIT\3rd Year\WhackIest\travel_hackathon-main\build\windows\x64\flutter\flutter_assemble.vcxproj]
lib/features/map/domain/destination_pin_model.dart(3,16): error G855444BB: The final variable 'longitude' must be initialized. [D:\JOSEPH VISHAL\OneDrive\Documents\MSRIT\3rd Year\WhackIest\travel_hackathon-main\build\windows\x64\flutter\flutter_assemble.vcxproj]
lib/features/map/domain/destination_pin_model.dart(4,17): error G855444BB: The final variable 'groupId' must be initialized. [D:\JOSEPH VISHAL\OneDrive\Documents\MSRIT\3rd Year\WhackIest\travel_hackathon-main\build\windows\x64\flutter\flutter_assemble.vcxproj]
lib/features/map/domain/destination_pin_model.dart(5,16): error G855444BB: The final variable 'type' must be initialized. [D:\JOSEPH VISHAL\OneDrive\Documents\MSRIT\3rd Year\WhackIest\travel_hackathon-main\build\windows\x64\flutter\flutter_assemble.vcxproj]
lib/features/map/domain/destination_pin_model.dart(6,17): error G855444BB: The final variable 'name' must be initialized. [D:\JOSEPH VISHAL\OneDrive\Documents\MSRIT\3rd Year\WhackIest\travel_hackathon-main\build\windows\x64\flutter\flutter_assemble.vcxproj]
lib/features/map/domain/destination_pin_model.dart(7,17): error G855444BB: The final variable 'city' must be initialized. [D:\JOSEPH VISHAL\OneDrive\Documents\MSRIT\3rd Year\WhackIest\travel_hackathon-main\build\windows\x64\flutter\flutter_assemble.vcxproj]
lib/features/map/domain/destination_pin_model.dart(8,13): error G855444BB: The final variable 'activeVisitorCount' must be initialized. [D:\JOSEPH VISHAL\OneDrive\Documents\MSRIT\3rd Year\WhackIest\travel_hackathon-main\build\windows\x64\flutter\flutter_assemble.vcxproj]
lib/features/map/domain/destination_pin_model.dart(9,18): error G855444BB: The final variable 'createdAt' must be initialized. [D:\JOSEPH VISHAL\OneDrive\Documents\MSRIT\3rd Year\WhackIest\travel_hackathon-main\build\windows\x64\flutter\flutter_assemble.vcxproj]
lib/features/map/domain/destination_pin_model.dart(11,3): error GF2BD9131: Can't have modifier 'const' here. [D:\JOSEPH VISHAL\OneDrive\Documents\MSRIT\3rd Year\WhackIest\travel_hackathon-main\build\windows\x64\flutter\flutter_assemble.vcxproj]
lib/features/map/domain/destination_pin_model.dart(21,5): error GA2A6BF96: Expected a function body or '=>'. [D:\JOSEPH VISHAL\OneDrive\Documents\MSRIT\3rd Year\WhackIest\travel_hackathon-main\build\windows\x64\flutter\flutter_assemble.vcxproj]
lib/features/map/domain/destination_pin_model.dart(23,3): error GE282EF30: Top-level declarations can't be declared to be 'factory'. [D:\JOSEPH VISHAL\OneDrive\Documents\MSRIT\3rd Year\WhackIest\travel_hackathon-main\build\windows\x64\flutter\flutter_assemble.vcxproj]
lib/features/map/domain/destination_pin_model.dart(23,11): error G09B8D39E: A function declaration needs an explicit list of parameters. [D:\JOSEPH VISHAL\OneDrive\Documents\MSRIT\3rd Year\WhackIest\travel_hackathon-main\build\windows\x64\flutter\flutter_assemble.vcxproj]
lib/features/map/domain/destination_pin_model.dart(23,25): error GC66AD8B1: Expected '{' before this. [D:\JOSEPH VISHAL\OneDrive\Documents\MSRIT\3rd Year\WhackIest\travel_hackathon-main\build\windows\x64\flutter\flutter_assemble.vcxproj]
lib/features/map/domain/destination_pin_model.dart(23,25): error GF8AD8976: Expected a declaration, but got '.'. [D:\JOSEPH VISHAL\OneDrive\Documents\MSRIT\3rd Year\WhackIest\travel_hackathon-main\build\windows\x64\flutter\flutter_assemble.vcxproj]
lib/features/map/domain/destination_pin_model.dart(38,3): error GE282EF30: Top-level declarations can't be declared to be 'factory'. [D:\JOSEPH VISHAL\OneDrive\Documents\MSRIT\3rd Year\WhackIest\travel_hackathon-main\build\windows\x64\flutter\flutter_assemble.vcxproj]
lib/features/map/domain/destination_pin_model.dart(38,11): error G09B8D39E: A function declaration needs an explicit list of parameters. [D:\JOSEPH VISHAL\OneDrive\Documents\MSRIT\3rd Year\WhackIest\travel_hackathon-main\build\windows\x64\flutter\flutter_assemble.vcxproj]
lib/features/map/domain/destination_pin_model.dart(38,25): error GC66AD8B1: Expected '{' before this. [D:\JOSEPH VISHAL\OneDrive\Documents\MSRIT\3rd Year\WhackIest\travel_hackathon-main\build\windows\x64\flutter\flutter_assemble.vcxproj]
lib/features/map/domain/destination_pin_model.dart(38,25): error GF8AD8976: Expected a declaration, but got '.'. [D:\JOSEPH VISHAL\OneDrive\Documents\MSRIT\3rd Year\WhackIest\travel_hackathon-main\build\windows\x64\flutter\flutter_assemble.vcxproj]
lib/features/map/domain/destination_pin_model.dart(54,1): error GF8AD8976: Expected a declaration, but got '}'. [D:\JOSEPH VISHAL\OneDrive\Documents\MSRIT\3rd Year\WhackIest\travel_hackathon-main\build\windows\x64\flutter\flutter_assemble.vcxproj]
lib/features/map/domain/destination_pin_model.dart(23,11): error GD67BEA45: 'DestinationPin' is already declared in this scope. [D:\JOSEPH VISHAL\OneDrive\Documents\MSRIT\3rd Year\WhackIest\travel_hackathon-main\build\windows\x64\flutter\flutter_assemble.vcxproj]
lib/features/map/domain/destination_pin_model.dart(38,11): error GD67BEA45: 'DestinationPin' is already declared in this scope. [D:\JOSEPH VISHAL\OneDrive\Documents\MSRIT\3rd Year\WhackIest\travel_hackathon-main\build\windows\x64\flutter\flutter_assemble.vcxproj]
lib/features/map/data/map_repository.dart(4,15): error GD67BEA45: 'DestinationPin' isn't a type. [D:\JOSEPH VISHAL\OneDrive\Documents\MSRIT\3rd Year\WhackIest\travel_hackathon-main\build\windows\x64\flutter\flutter_assemble.vcxproj]
lib/features/map/data/map_repository.dart(5,26): error GD67BEA45: 'DestinationPin' isn't a type. [D:\JOSEPH VISHAL\OneDrive\Documents\MSRIT\3rd Year\WhackIest\travel_hackathon-main\build\windows\x64\flutter\flutter_assemble.vcxproj]
lib/features/map/data/map_repository.dart(6,10): error GD67BEA45: 'DestinationPin' isn't a type. [D:\JOSEPH VISHAL\OneDrive\Documents\MSRIT\3rd Year\WhackIest\travel_hackathon-main\build\windows\x64\flutter\flutter_assemble.vcxproj]
lib/features/map/data/mock_map_repository.dart(9,14): error GD67BEA45: 'DestinationPin' isn't a type. [D:\JOSEPH VISHAL\OneDrive\Documents\MSRIT\3rd Year\WhackIest\travel_hackathon-main\build\windows\x64\flutter\flutter_assemble.vcxproj]
lib/features/map/data/mock_map_repository.dart(43,15): error GD67BEA45: 'DestinationPin' isn't a type. [D:\JOSEPH VISHAL\OneDrive\Documents\MSRIT\3rd Year\WhackIest\travel_hackathon-main\build\windows\x64\flutter\flutter_assemble.vcxproj]
lib/features/map/data/mock_map_repository.dart(52,26): error GD67BEA45: 'DestinationPin' isn't a type. [D:\JOSEPH VISHAL\OneDrive\Documents\MSRIT\3rd Year\WhackIest\travel_hackathon-main\build\windows\x64\flutter\flutter_assemble.vcxproj]
lib/features/map/data/mock_map_repository.dart(58,10): error GD67BEA45: 'DestinationPin' isn't a type. [D:\JOSEPH VISHAL\OneDrive\Documents\MSRIT\3rd Year\WhackIest\travel_hackathon-main\build\windows\x64\flutter\flutter_assemble.vcxproj]
lib/features/map/data/api_map_repository.dart(11,15): error GD67BEA45: 'DestinationPin' isn't a type. [D:\JOSEPH VISHAL\OneDrive\Documents\MSRIT\3rd Year\WhackIest\travel_hackathon-main\build\windows\x64\flutter\flutter_assemble.vcxproj]
lib/features/map/data/api_map_repository.dart(23,26): error GD67BEA45: 'DestinationPin' isn't a type. [D:\JOSEPH VISHAL\OneDrive\Documents\MSRIT\3rd Year\WhackIest\travel_hackathon-main\build\windows\x64\flutter\flutter_assemble.vcxproj]
lib/features/map/data/api_map_repository.dart(32,10): error GD67BEA45: 'DestinationPin' isn't a type. [D:\JOSEPH VISHAL\OneDrive\Documents\MSRIT\3rd Year\WhackIest\travel_hackathon-main\build\windows\x64\flutter\flutter_assemble.vcxproj]
lib/features/map/presentation/map_providers.dart(16,52): error GD67BEA45: 'DestinationPin' isn't a type. [D:\JOSEPH VISHAL\OneDrive\Documents\MSRIT\3rd Year\WhackIest\travel_hackathon-main\build\windows\x64\flutter\flutter_assemble.vcxproj]
lib/features/map/domain/destination_pin_model.dart(1,16): error GB9447D1D: Field 'id' should be initialized because its type 'String' doesn't allow null. [D:\JOSEPH VISHAL\OneDrive\Documents\MSRIT\3rd Year\WhackIest\travel_hackathon-main\build\windows\x64\flutter\flutter_assemble.vcxproj]
lib/features/map/domain/destination_pin_model.dart(2,16): error GB9447D1D: Field 'latitude' should be initialized because its type 'double' doesn't allow null. [D:\JOSEPH VISHAL\OneDrive\Documents\MSRIT\3rd Year\WhackIest\travel_hackathon-main\build\windows\x64\flutter\flutter_assemble.vcxproj]
lib/features/map/domain/destination_pin_model.dart(3,16): error GB9447D1D: Field 'longitude' should be initialized because its type 'double' doesn't allow null. [D:\JOSEPH VISHAL\OneDrive\Documents\MSRIT\3rd Year\WhackIest\travel_hackathon-main\build\windows\x64\flutter\flutter_assemble.vcxproj]
lib/features/map/domain/destination_pin_model.dart(5,16): error GB9447D1D: Field 'type' should be initialized because its type 'String' doesn't allow null. [D:\JOSEPH VISHAL\OneDrive\Documents\MSRIT\3rd Year\WhackIest\travel_hackathon-main\build\windows\x64\flutter\flutter_assemble.vcxproj]
lib/features/map/domain/destination_pin_model.dart(8,13): error GB9447D1D: Field 'activeVisitorCount' should be initialized because its type 'int' doesn't allow null. [D:\JOSEPH VISHAL\OneDrive\Documents\MSRIT\3rd Year\WhackIest\travel_hackathon-main\build\windows\x64\flutter\flutter_assemble.vcxproj]
lib/features/map/domain/destination_pin_model.dart(9,18): error GB9447D1D: Field 'createdAt' should be initialized because its type 'DateTime' doesn't allow null. [D:\JOSEPH VISHAL\OneDrive\Documents\MSRIT\3rd Year\WhackIest\travel_hackathon-main\build\windows\x64\flutter\flutter_assemble.vcxproj]
lib/features/map/presentation/map_screen.dart(52,37): error GD65BB2B6: The getter 'latitude' isn't defined for the type 'Object?'. [D:\JOSEPH VISHAL\OneDrive\Documents\MSRIT\3rd Year\WhackIest\travel_hackathon-main\build\windows\x64\flutter\flutter_assemble.vcxproj]
lib/features/map/presentation/map_screen.dart(52,51): error GD65BB2B6: The getter 'longitude' isn't defined for the type 'Object?'. [D:\JOSEPH VISHAL\OneDrive\Documents\MSRIT\3rd Year\WhackIest\travel_hackathon-main\build\windows\x64\flutter\flutter_assemble.vcxproj]
lib/features/map/presentation/map_screen.dart(73,33): error GD65BB2B6: The getter 'activeVisitorCount' isn't defined for the type 'Object?'. [D:\JOSEPH VISHAL\OneDrive\Documents\MSRIT\3rd Year\WhackIest\travel_hackathon-main\build\windows\x64\flutter\flutter_assemble.vcxproj]
lib/features/map/presentation/map_screen.dart(58,31): error GD65BB2B6: The getter 'city' isn't defined for the type 'Object?'. [D:\JOSEPH VISHAL\OneDrive\Documents\MSRIT\3rd Year\WhackIest\travel_hackathon-main\build\windows\x64\flutter\flutter_assemble.vcxproj]
lib/features/map/presentation/map_screen.dart(59,58): error GD65BB2B6: The getter 'city' isn't defined for the type 'Object?'. [D:\JOSEPH VISHAL\OneDrive\Documents\MSRIT\3rd Year\WhackIest\travel_hackathon-main\build\windows\x64\flutter\flutter_assemble.vcxproj]
lib/features/map/presentation/map_screen.dart(81,18): error GDAEE715C: The argument type 'List<dynamic>' can't be assigned to the parameter type 'List<Marker>'. [D:\JOSEPH VISHAL\OneDrive\Documents\MSRIT\3rd Year\WhackIest\travel_hackathon-main\build\windows\x64\flutter\flutter_assemble.vcxproj]
lib/features/map/data/mock_map_repository.dart(16,7): error GBF4691A2: No named parameter with the name 'creatorId'. [D:\JOSEPH VISHAL\OneDrive\Documents\MSRIT\3rd Year\WhackIest\travel_hackathon-main\build\windows\x64\flutter\flutter_assemble.vcxproj]
lib/features/map/data/mock_map_repository.dart(26,7): error GBF4691A2: No named parameter with the name 'creatorId'. [D:\JOSEPH VISHAL\OneDrive\Documents\MSRIT\3rd Year\WhackIest\travel_hackathon-main\build\windows\x64\flutter\flutter_assemble.vcxproj]
lib/features/map/data/mock_map_repository.dart(36,7): error GBF4691A2: No named parameter with the name 'creatorId'. [D:\JOSEPH VISHAL\OneDrive\Documents\MSRIT\3rd Year\WhackIest\travel_hackathon-main\build\windows\x64\flutter\flutter_assemble.vcxproj]
lib/features/map/data/mock_map_repository.dart(60,43): error GD65BB2B6: The getter 'id' isn't defined for the type 'Object?'. [D:\JOSEPH VISHAL\OneDrive\Documents\MSRIT\3rd Year\WhackIest\travel_hackathon-main\build\windows\x64\flutter\flutter_assemble.vcxproj]
lib/features/map/domain/destination_pin_model.dart(12,14): error G669B6278: Field formal parameters can only be used in a constructor. [D:\JOSEPH VISHAL\OneDrive\Documents\MSRIT\3rd Year\WhackIest\travel_hackathon-main\build\windows\x64\flutter\flutter_assemble.vcxproj]
lib/features/map/domain/destination_pin_model.dart(13,14): error G669B6278: Field formal parameters can only be used in a constructor. [D:\JOSEPH VISHAL\OneDrive\Documents\MSRIT\3rd Year\WhackIest\travel_hackathon-main\build\windows\x64\flutter\flutter_assemble.vcxproj]
lib/features/map/domain/destination_pin_model.dart(14,14): error G669B6278: Field formal parameters can only be used in a constructor. [D:\JOSEPH VISHAL\OneDrive\Documents\MSRIT\3rd Year\WhackIest\travel_hackathon-main\build\windows\x64\flutter\flutter_assemble.vcxproj]
lib/features/map/domain/destination_pin_model.dart(15,5): error G669B6278: Field formal parameters can only be used in a constructor. [D:\JOSEPH VISHAL\OneDrive\Documents\MSRIT\3rd Year\WhackIest\travel_hackathon-main\build\windows\x64\flutter\flutter_assemble.vcxproj]
lib/features/map/domain/destination_pin_model.dart(16,5): error G669B6278: Field formal parameters can only be used in a constructor. [D:\JOSEPH VISHAL\OneDrive\Documents\MSRIT\3rd Year\WhackIest\travel_hackathon-main\build\windows\x64\flutter\flutter_assemble.vcxproj]
lib/features/map/domain/destination_pin_model.dart(17,5): error G669B6278: Field formal parameters can only be used in a constructor. [D:\JOSEPH VISHAL\OneDrive\Documents\MSRIT\3rd Year\WhackIest\travel_hackathon-main\build\windows\x64\flutter\flutter_assemble.vcxproj]
lib/features/map/domain/destination_pin_model.dart(18,5): error G669B6278: Field formal parameters can only be used in a constructor. [D:\JOSEPH VISHAL\OneDrive\Documents\MSRIT\3rd Year\WhackIest\travel_hackathon-main\build\windows\x64\flutter\flutter_assemble.vcxproj]
lib/features/map/domain/destination_pin_model.dart(19,5): error G669B6278: Field formal parameters can only be used in a constructor. [D:\JOSEPH VISHAL\OneDrive\Documents\MSRIT\3rd Year\WhackIest\travel_hackathon-main\build\windows\x64\flutter\flutter_assemble.vcxproj]
lib/features/map/domain/destination_pin_model.dart(20,14): error G669B6278: Field formal parameters can only be used in a constructor. [D:\JOSEPH VISHAL\OneDrive\Documents\MSRIT\3rd Year\WhackIest\travel_hackathon-main\build\windows\x64\flutter\flutter_assemble.vcxproj]
lib/features/map/data/api_map_repository.dart(18,30): error G76A9B1F6: The method 'fromJson' isn't defined for the type 'dynamic Function({dynamic activeVisitorCount, dynamic city, dynamic createdAt, dynamic groupId, dynamic id, dynamic latitude, dynamic longitude, dynamic name, dynamic type})'. [D:\JOSEPH VISHAL\OneDrive\Documents\MSRIT\3rd Year\WhackIest\travel_hackathon-main\build\windows\x64\flutter\flutter_assemble.vcxproj]
C:\Program Files (x86)\Microsoft Visual Studio\2019\BuildTools\MSBuild\Microsoft\VC\v160\Microsoft.CppCommon.targets(241,5): error MSB8066: Custom build for 'D:\JOSEPH VISHAL\OneDrive\Documents\MSRIT\3rd Year\WhackIest\travel_hackathon-main\build\windows\x64\CMakeFiles\78b8395a1902328e00fd81e351453234\flutter_windows.dll.rule;D:\JOSEPH VISHAL\OneDrive\Documents\MSRIT\3rd Year\WhackIest\travel_hackathon-main\build\windows\x64\CMakeFiles\bbbbf4803576c50f654779ea5417ccc3\flutter_assemble.rule' exited with code 1. [D:\JOSEPH VISHAL\OneDrive\Documents\MSRIT\3rd Year\WhackIest\travel_hackathon-main\build\windows\x64\flutter\flutter_assemble.vcxproj]
Building Windows application...                                    16.8s
Build process failed.
