Building Windows application...                                 
lib/features/auth/presentation/signup_screen.dart(71,27): error GF2BD9131: Can't find ']' to match '['. [D:\JOSEPH VISHAL\OneDrive\Documents\MSRIT\3rd Year\WhackIest\travel_hackathon-main\build\windows\x64\flutter\flutter_assemble.vcxproj]
lib/features/auth/data/firebase_auth_repository.dart(5,8): error GBB7C8005: Error when reading 'lib/features/auth/data/auth_repository.dart': The system cannot find the file specified. [D:\JOSEPH VISHAL\OneDrive\Documents\MSRIT\3rd Year\WhackIest\travel_hackathon-main\build\windows\x64\flutter\flutter_assemble.vcxproj]
lib/features/auth/data/firebase_auth_repository.dart(7,41): error G7D2AEF3C: Type 'AuthRepository' not found. [D:\JOSEPH VISHAL\OneDrive\Documents\MSRIT\3rd Year\WhackIest\travel_hackathon-main\build\windows\x64\flutter\flutter_assemble.vcxproj]
lib/features/auth/presentation/signup_screen.dart(160,17): error G77691BD7: Expected an identifier, but got ']'. [D:\JOSEPH VISHAL\OneDrive\Documents\MSRIT\3rd Year\WhackIest\travel_hackathon-main\build\windows\x64\flutter\flutter_assemble.vcxproj]
lib/features/auth/presentation/signup_screen.dart(160,17): error GC66AD8B1: Expected ')' before this. [D:\JOSEPH VISHAL\OneDrive\Documents\MSRIT\3rd Year\WhackIest\travel_hackathon-main\build\windows\x64\flutter\flutter_assemble.vcxproj]
lib/features/auth/presentation/signup_screen.dart(67,27): error G08C7067D: Too many positional arguments: 0 allowed, but 5 found. [D:\JOSEPH VISHAL\OneDrive\Documents\MSRIT\3rd Year\WhackIest\travel_hackathon-main\build\windows\x64\flutter\flutter_assemble.vcxproj]
lib/features/auth/presentation/signup_screen.dart(165,7): error GC66AD8B1: Expected ';' after this. [D:\JOSEPH VISHAL\OneDrive\Documents\MSRIT\3rd Year\WhackIest\travel_hackathon-main\build\windows\x64\flutter\flutter_assemble.vcxproj]
lib/features/auth/presentation/signup_screen.dart(165,8): error G77691BD7: Expected an identifier, but got ','. [D:\JOSEPH VISHAL\OneDrive\Documents\MSRIT\3rd Year\WhackIest\travel_hackathon-main\build\windows\x64\flutter\flutter_assemble.vcxproj]
lib/features/auth/presentation/signup_screen.dart(165,8): error G13845479: Unexpected token ';'. [D:\JOSEPH VISHAL\OneDrive\Documents\MSRIT\3rd Year\WhackIest\travel_hackathon-main\build\windows\x64\flutter\flutter_assemble.vcxproj]
lib/features/auth/presentation/signup_screen.dart(166,5): error G77691BD7: Expected an identifier, but got ')'. [D:\JOSEPH VISHAL\OneDrive\Documents\MSRIT\3rd Year\WhackIest\travel_hackathon-main\build\windows\x64\flutter\flutter_assemble.vcxproj]
lib/features/auth/presentation/signup_screen.dart(165,8): error GC66AD8B1: Expected ';' after this. [D:\JOSEPH VISHAL\OneDrive\Documents\MSRIT\3rd Year\WhackIest\travel_hackathon-main\build\windows\x64\flutter\flutter_assemble.vcxproj]
lib/features/auth/presentation/signup_screen.dart(166,5): error G13845479: Unexpected token ';'. [D:\JOSEPH VISHAL\OneDrive\Documents\MSRIT\3rd Year\WhackIest\travel_hackathon-main\build\windows\x64\flutter\flutter_assemble.vcxproj]
lib/features/auth/data/firebase_auth_repository.dart(9,38): error G8DF93418: Couldn't find constructor 'GoogleSignIn'. [D:\JOSEPH VISHAL\OneDrive\Documents\MSRIT\3rd Year\WhackIest\travel_hackathon-main\build\windows\x64\flutter\flutter_assemble.vcxproj]
lib/features/auth/data/firebase_auth_repository.dart(46,67): error G76A9B1F6: The method 'signIn' isn't defined for the type 'GoogleSignIn'. [D:\JOSEPH VISHAL\OneDrive\Documents\MSRIT\3rd Year\WhackIest\travel_hackathon-main\build\windows\x64\flutter\flutter_assemble.vcxproj]
lib/features/auth/data/firebase_auth_repository.dart(54,33): error GD65BB2B6: The getter 'accessToken' isn't defined for the type 'GoogleSignInAuthentication'. [D:\JOSEPH VISHAL\OneDrive\Documents\MSRIT\3rd Year\WhackIest\travel_hackathon-main\build\windows\x64\flutter\flutter_assemble.vcxproj]
C:\Program Files (x86)\Microsoft Visual Studio\2019\BuildTools\MSBuild\Microsoft\VC\v160\Microsoft.CppCommon.targets(241,5): error MSB8066: Custom build for 'D:\JOSEPH VISHAL\OneDrive\Documents\MSRIT\3rd Year\WhackIest\travel_hackathon-main\build\windows\x64\CMakeFiles\78b8395a1902328e00fd81e351453234\flutter_windows.dll.rule;D:\JOSEPH VISHAL\OneDrive\Documents\MSRIT\3rd Year\WhackIest\travel_hackathon-main\build\windows\x64\CMakeFiles\bbbbf4803576c50f654779ea5417ccc3\flutter_assemble.rule' exited with code 1. [D:\JOSEPH VISHAL\OneDrive\Documents\MSRIT\3rd Year\WhackIest\travel_hackathon-main\build\windows\x64\flutter\flutter_assemble.vcxproj]
Building Windows application...                                     9.4s
Build process failed.
