Building Windows application...                                 
lib/features/social/presentation/chat_screen.dart(3,8): error GBB7C8005: Error when reading 'lib/features/auth/domain/user_model.dart': The system cannot find the path specified. [D:\JOSEPH VISHAL\OneDrive\Documents\MSRIT\3rd Year\WhackIest\travel_hackathon-main\build\windows\x64\flutter\flutter_assemble.vcxproj]
lib/features/social/presentation/events_screen.dart(4,8): error GBB7C8005: Error when reading 'lib/features/social/domain/travel_event_model.dart': The system cannot find the path specified. [D:\JOSEPH VISHAL\OneDrive\Documents\MSRIT\3rd Year\WhackIest\travel_hackathon-main\build\windows\x64\flutter\flutter_assemble.vcxproj]
lib/features/social/presentation/social_providers.dart(5,8): error GBB7C8005: Error when reading 'lib/features/social/domain/travel_event_model.dart': The system cannot find the path specified. [D:\JOSEPH VISHAL\OneDrive\Documents\MSRIT\3rd Year\WhackIest\travel_hackathon-main\build\windows\x64\flutter\flutter_assemble.vcxproj]
lib/features/map/presentation/map_providers.dart(2,8): error GBB7C8005: Error when reading 'lib/features/map/data/map_repository.dart': The system cannot find the file specified. [D:\JOSEPH VISHAL\OneDrive\Documents\MSRIT\3rd Year\WhackIest\travel_hackathon-main\build\windows\x64\flutter\flutter_assemble.vcxproj]
lib/features/map/data/mock_map_repository.dart(1,8): error GBB7C8005: Error when reading 'lib/features/map/data/map_repository.dart': The system cannot find the file specified. [D:\JOSEPH VISHAL\OneDrive\Documents\MSRIT\3rd Year\WhackIest\travel_hackathon-main\build\windows\x64\flutter\flutter_assemble.vcxproj]
lib/features/map/presentation/map_providers.dart(4,8): error GBB7C8005: Error when reading 'lib/features/map/domain/destination_pin_model.dart': The system cannot find the path specified. [D:\JOSEPH VISHAL\OneDrive\Documents\MSRIT\3rd Year\WhackIest\travel_hackathon-main\build\windows\x64\flutter\flutter_assemble.vcxproj]
lib/features/map/data/mock_map_repository.dart(2,8): error GBB7C8005: Error when reading 'lib/features/map/domain/destination_pin_model.dart': The system cannot find the path specified. [D:\JOSEPH VISHAL\OneDrive\Documents\MSRIT\3rd Year\WhackIest\travel_hackathon-main\build\windows\x64\flutter\flutter_assemble.vcxproj]
lib/features/social/data/mock_social_repository.dart(1,8): error GBB7C8005: Error when reading 'lib/features/auth/domain/user_model.dart': The system cannot find the path specified. [D:\JOSEPH VISHAL\OneDrive\Documents\MSRIT\3rd Year\WhackIest\travel_hackathon-main\build\windows\x64\flutter\flutter_assemble.vcxproj]
lib/features/social/data/mock_social_repository.dart(4,8): error GBB7C8005: Error when reading 'lib/features/social/domain/travel_event_model.dart': The system cannot find the path specified. [D:\JOSEPH VISHAL\OneDrive\Documents\MSRIT\3rd Year\WhackIest\travel_hackathon-main\build\windows\x64\flutter\flutter_assemble.vcxproj]
lib/features/social/presentation/social_providers.dart(3,8): error GBB7C8005: Error when reading 'lib/features/social/data/social_repository.dart': The system cannot find the file specified. [D:\JOSEPH VISHAL\OneDrive\Documents\MSRIT\3rd Year\WhackIest\travel_hackathon-main\build\windows\x64\flutter\flutter_assemble.vcxproj]
lib/features/social/data/mock_social_repository.dart(2,8): error GBB7C8005: Error when reading 'lib/features/social/data/social_repository.dart': The system cannot find the file specified. [D:\JOSEPH VISHAL\OneDrive\Documents\MSRIT\3rd Year\WhackIest\travel_hackathon-main\build\windows\x64\flutter\flutter_assemble.vcxproj]
lib/features/social/presentation/social_providers.dart(4,8): error GBB7C8005: Error when reading 'lib/features/social/domain/chat_model.dart': The system cannot find the path specified. [D:\JOSEPH VISHAL\OneDrive\Documents\MSRIT\3rd Year\WhackIest\travel_hackathon-main\build\windows\x64\flutter\flutter_assemble.vcxproj]
lib/features/social/data/mock_social_repository.dart(3,8): error GBB7C8005: Error when reading 'lib/features/social/domain/chat_model.dart': The system cannot find the path specified. [D:\JOSEPH VISHAL\OneDrive\Documents\MSRIT\3rd Year\WhackIest\travel_hackathon-main\build\windows\x64\flutter\flutter_assemble.vcxproj]
lib/features/discovery/presentation/discovery_providers.dart(2,8): error GBB7C8005: Error when reading 'lib/features/discovery/data/discovery_repository.dart': The system cannot find the file specified. [D:\JOSEPH VISHAL\OneDrive\Documents\MSRIT\3rd Year\WhackIest\travel_hackathon-main\build\windows\x64\flutter\flutter_assemble.vcxproj]
lib/features/discovery/data/mock_discovery_repository.dart(1,8): error GBB7C8005: Error when reading 'lib/features/discovery/data/discovery_repository.dart': The system cannot find the file specified. [D:\JOSEPH VISHAL\OneDrive\Documents\MSRIT\3rd Year\WhackIest\travel_hackathon-main\build\windows\x64\flutter\flutter_assemble.vcxproj]
lib/features/discovery/presentation/discovery_providers.dart(4,8): error GBB7C8005: Error when reading 'lib/features/discovery/domain/discovery_models.dart': The system cannot find the path specified. [D:\JOSEPH VISHAL\OneDrive\Documents\MSRIT\3rd Year\WhackIest\travel_hackathon-main\build\windows\x64\flutter\flutter_assemble.vcxproj]
lib/features/discovery/data/mock_discovery_repository.dart(2,8): error GBB7C8005: Error when reading 'lib/features/discovery/domain/discovery_models.dart': The system cannot find the path specified. [D:\JOSEPH VISHAL\OneDrive\Documents\MSRIT\3rd Year\WhackIest\travel_hackathon-main\build\windows\x64\flutter\flutter_assemble.vcxproj]
lib/features/map/data/mock_map_repository.dart(5,36): error G7D2AEF3C: Type 'MapRepository' not found. [D:\JOSEPH VISHAL\OneDrive\Documents\MSRIT\3rd Year\WhackIest\travel_hackathon-main\build\windows\x64\flutter\flutter_assemble.vcxproj]
lib/features/map/data/mock_map_repository.dart(9,14): error G7D2AEF3C: Type 'DestinationPin' not found. [D:\JOSEPH VISHAL\OneDrive\Documents\MSRIT\3rd Year\WhackIest\travel_hackathon-main\build\windows\x64\flutter\flutter_assemble.vcxproj]
lib/features/map/data/mock_map_repository.dart(43,15): error G7D2AEF3C: Type 'DestinationPin' not found. [D:\JOSEPH VISHAL\OneDrive\Documents\MSRIT\3rd Year\WhackIest\travel_hackathon-main\build\windows\x64\flutter\flutter_assemble.vcxproj]
lib/features/map/data/mock_map_repository.dart(52,26): error G7D2AEF3C: Type 'DestinationPin' not found. [D:\JOSEPH VISHAL\OneDrive\Documents\MSRIT\3rd Year\WhackIest\travel_hackathon-main\build\windows\x64\flutter\flutter_assemble.vcxproj]
lib/features/map/data/mock_map_repository.dart(58,10): error G7D2AEF3C: Type 'DestinationPin' not found. [D:\JOSEPH VISHAL\OneDrive\Documents\MSRIT\3rd Year\WhackIest\travel_hackathon-main\build\windows\x64\flutter\flutter_assemble.vcxproj]
lib/features/social/data/mock_social_repository.dart(6,39): error G7D2AEF3C: Type 'SocialRepository' not found. [D:\JOSEPH VISHAL\OneDrive\Documents\MSRIT\3rd Year\WhackIest\travel_hackathon-main\build\windows\x64\flutter\flutter_assemble.vcxproj]
lib/features/social/data/mock_social_repository.dart(8,14): error G7D2AEF3C: Type 'TravelEvent' not found. [D:\JOSEPH VISHAL\OneDrive\Documents\MSRIT\3rd Year\WhackIest\travel_hackathon-main\build\windows\x64\flutter\flutter_assemble.vcxproj]
lib/features/social/data/mock_social_repository.dart(37,26): error G7D2AEF3C: Type 'ChatMessage' not found. [D:\JOSEPH VISHAL\OneDrive\Documents\MSRIT\3rd Year\WhackIest\travel_hackathon-main\build\windows\x64\flutter\flutter_assemble.vcxproj]
lib/features/social/data/mock_social_repository.dart(57,15): error G7D2AEF3C: Type 'TravelEvent' not found. [D:\JOSEPH VISHAL\OneDrive\Documents\MSRIT\3rd Year\WhackIest\travel_hackathon-main\build\windows\x64\flutter\flutter_assemble.vcxproj]
lib/features/social/data/mock_social_repository.dart(63,10): error G7D2AEF3C: Type 'GroupChat' not found. [D:\JOSEPH VISHAL\OneDrive\Documents\MSRIT\3rd Year\WhackIest\travel_hackathon-main\build\windows\x64\flutter\flutter_assemble.vcxproj]
lib/features/social/data/mock_social_repository.dart(78,15): error G7D2AEF3C: Type 'ChatMessage' not found. [D:\JOSEPH VISHAL\OneDrive\Documents\MSRIT\3rd Year\WhackIest\travel_hackathon-main\build\windows\x64\flutter\flutter_assemble.vcxproj]
lib/features/social/data/mock_social_repository.dart(83,57): error G7D2AEF3C: Type 'UserModel' not found. [D:\JOSEPH VISHAL\OneDrive\Documents\MSRIT\3rd Year\WhackIest\travel_hackathon-main\build\windows\x64\flutter\flutter_assemble.vcxproj]
lib/features/discovery/data/mock_discovery_repository.dart(4,42): error G7D2AEF3C: Type 'DiscoveryRepository' not found. [D:\JOSEPH VISHAL\OneDrive\Documents\MSRIT\3rd Year\WhackIest\travel_hackathon-main\build\windows\x64\flutter\flutter_assemble.vcxproj]
lib/features/discovery/data/mock_discovery_repository.dart(5,14): error G7D2AEF3C: Type 'Hotel' not found. [D:\JOSEPH VISHAL\OneDrive\Documents\MSRIT\3rd Year\WhackIest\travel_hackathon-main\build\windows\x64\flutter\flutter_assemble.vcxproj]
lib/features/discovery/data/mock_discovery_repository.dart(28,14): error G7D2AEF3C: Type 'Quest' not found. [D:\JOSEPH VISHAL\OneDrive\Documents\MSRIT\3rd Year\WhackIest\travel_hackathon-main\build\windows\x64\flutter\flutter_assemble.vcxproj]
lib/features/discovery/data/mock_discovery_repository.dart(49,15): error G7D2AEF3C: Type 'Hotel' not found. [D:\JOSEPH VISHAL\OneDrive\Documents\MSRIT\3rd Year\WhackIest\travel_hackathon-main\build\windows\x64\flutter\flutter_assemble.vcxproj]
lib/features/discovery/data/mock_discovery_repository.dart(55,15): error G7D2AEF3C: Type 'Quest' not found. [D:\JOSEPH VISHAL\OneDrive\Documents\MSRIT\3rd Year\WhackIest\travel_hackathon-main\build\windows\x64\flutter\flutter_assemble.vcxproj]
lib/features/map/presentation/map_providers.dart(7,40): error GECCC8398: 'MapRepository' isn't a type. [D:\JOSEPH VISHAL\OneDrive\Documents\MSRIT\3rd Year\WhackIest\travel_hackathon-main\build\windows\x64\flutter\flutter_assemble.vcxproj]
lib/features/map/presentation/map_providers.dart(12,52): error GD67BEA45: 'DestinationPin' isn't a type. [D:\JOSEPH VISHAL\OneDrive\Documents\MSRIT\3rd Year\WhackIest\travel_hackathon-main\build\windows\x64\flutter\flutter_assemble.vcxproj]
lib/features/social/presentation/social_providers.dart(7,43): error GAD72DC84: 'SocialRepository' isn't a type. [D:\JOSEPH VISHAL\OneDrive\Documents\MSRIT\3rd Year\WhackIest\travel_hackathon-main\build\windows\x64\flutter\flutter_assemble.vcxproj]
lib/features/social/presentation/social_providers.dart(12,58): error GB0EB3B5E: 'TravelEvent' isn't a type. [D:\JOSEPH VISHAL\OneDrive\Documents\MSRIT\3rd Year\WhackIest\travel_hackathon-main\build\windows\x64\flutter\flutter_assemble.vcxproj]
lib/features/social/presentation/social_providers.dart(18,57): error G1B44045D: 'ChatMessage' isn't a type. [D:\JOSEPH VISHAL\OneDrive\Documents\MSRIT\3rd Year\WhackIest\travel_hackathon-main\build\windows\x64\flutter\flutter_assemble.vcxproj]
lib/features/discovery/presentation/discovery_providers.dart(6,46): error G570D57E2: 'DiscoveryRepository' isn't a type. [D:\JOSEPH VISHAL\OneDrive\Documents\MSRIT\3rd Year\WhackIest\travel_hackathon-main\build\windows\x64\flutter\flutter_assemble.vcxproj]
lib/features/discovery/presentation/discovery_providers.dart(10,51): error G04F2C0E8: 'Hotel' isn't a type. [D:\JOSEPH VISHAL\OneDrive\Documents\MSRIT\3rd Year\WhackIest\travel_hackathon-main\build\windows\x64\flutter\flutter_assemble.vcxproj]
lib/features/discovery/presentation/discovery_providers.dart(15,51): error GA0758062: 'Quest' isn't a type. [D:\JOSEPH VISHAL\OneDrive\Documents\MSRIT\3rd Year\WhackIest\travel_hackathon-main\build\windows\x64\flutter\flutter_assemble.vcxproj]
lib/features/map/presentation/map_screen.dart(52,37): error GD65BB2B6: The getter 'latitude' isn't defined for the type 'Object?'. [D:\JOSEPH VISHAL\OneDrive\Documents\MSRIT\3rd Year\WhackIest\travel_hackathon-main\build\windows\x64\flutter\flutter_assemble.vcxproj]
lib/features/map/presentation/map_screen.dart(52,51): error GD65BB2B6: The getter 'longitude' isn't defined for the type 'Object?'. [D:\JOSEPH VISHAL\OneDrive\Documents\MSRIT\3rd Year\WhackIest\travel_hackathon-main\build\windows\x64\flutter\flutter_assemble.vcxproj]
lib/features/map/presentation/map_screen.dart(73,33): error GD65BB2B6: The getter 'activeVisitorCount' isn't defined for the type 'Object?'. [D:\JOSEPH VISHAL\OneDrive\Documents\MSRIT\3rd Year\WhackIest\travel_hackathon-main\build\windows\x64\flutter\flutter_assemble.vcxproj]
lib/features/map/presentation/map_screen.dart(58,31): error GD65BB2B6: The getter 'city' isn't defined for the type 'Object?'. [D:\JOSEPH VISHAL\OneDrive\Documents\MSRIT\3rd Year\WhackIest\travel_hackathon-main\build\windows\x64\flutter\flutter_assemble.vcxproj]
lib/features/map/presentation/map_screen.dart(59,58): error GD65BB2B6: The getter 'city' isn't defined for the type 'Object?'. [D:\JOSEPH VISHAL\OneDrive\Documents\MSRIT\3rd Year\WhackIest\travel_hackathon-main\build\windows\x64\flutter\flutter_assemble.vcxproj]
lib/features/map/presentation/map_screen.dart(81,18): error GDAEE715C: The argument type 'List<dynamic>' can't be assigned to the parameter type 'List<Marker>'. [D:\JOSEPH VISHAL\OneDrive\Documents\MSRIT\3rd Year\WhackIest\travel_hackathon-main\build\windows\x64\flutter\flutter_assemble.vcxproj]
lib/features/social/presentation/chat_screen.dart(90,22): error G962A111C: Not a constant expression. [D:\JOSEPH VISHAL\OneDrive\Documents\MSRIT\3rd Year\WhackIest\travel_hackathon-main\build\windows\x64\flutter\flutter_assemble.vcxproj]
lib/features/map/data/mock_map_repository.dart(9,14): error GD67BEA45: 'DestinationPin' isn't a type. [D:\JOSEPH VISHAL\OneDrive\Documents\MSRIT\3rd Year\WhackIest\travel_hackathon-main\build\windows\x64\flutter\flutter_assemble.vcxproj]
lib/features/map/data/mock_map_repository.dart(10,5): error GB1B8BC88: Method not found: 'DestinationPin'. [D:\JOSEPH VISHAL\OneDrive\Documents\MSRIT\3rd Year\WhackIest\travel_hackathon-main\build\windows\x64\flutter\flutter_assemble.vcxproj]
lib/features/map/data/mock_map_repository.dart(20,5): error GB1B8BC88: Method not found: 'DestinationPin'. [D:\JOSEPH VISHAL\OneDrive\Documents\MSRIT\3rd Year\WhackIest\travel_hackathon-main\build\windows\x64\flutter\flutter_assemble.vcxproj]
lib/features/map/data/mock_map_repository.dart(30,5): error GB1B8BC88: Method not found: 'DestinationPin'. [D:\JOSEPH VISHAL\OneDrive\Documents\MSRIT\3rd Year\WhackIest\travel_hackathon-main\build\windows\x64\flutter\flutter_assemble.vcxproj]
lib/features/map/data/mock_map_repository.dart(52,26): error GD67BEA45: 'DestinationPin' isn't a type. [D:\JOSEPH VISHAL\OneDrive\Documents\MSRIT\3rd Year\WhackIest\travel_hackathon-main\build\windows\x64\flutter\flutter_assemble.vcxproj]
lib/features/map/data/mock_map_repository.dart(60,43): error GD65BB2B6: The getter 'id' isn't defined for the type 'Object?'. [D:\JOSEPH VISHAL\OneDrive\Documents\MSRIT\3rd Year\WhackIest\travel_hackathon-main\build\windows\x64\flutter\flutter_assemble.vcxproj]
lib/features/social/data/mock_social_repository.dart(8,14): error GB0EB3B5E: 'TravelEvent' isn't a type. [D:\JOSEPH VISHAL\OneDrive\Documents\MSRIT\3rd Year\WhackIest\travel_hackathon-main\build\windows\x64\flutter\flutter_assemble.vcxproj]
lib/features/social/data/mock_social_repository.dart(9,5): error GB1B8BC88: Method not found: 'TravelEvent'. [D:\JOSEPH VISHAL\OneDrive\Documents\MSRIT\3rd Year\WhackIest\travel_hackathon-main\build\windows\x64\flutter\flutter_assemble.vcxproj]
lib/features/social/data/mock_social_repository.dart(22,5): error GB1B8BC88: Method not found: 'TravelEvent'. [D:\JOSEPH VISHAL\OneDrive\Documents\MSRIT\3rd Year\WhackIest\travel_hackathon-main\build\windows\x64\flutter\flutter_assemble.vcxproj]
lib/features/social/data/mock_social_repository.dart(37,26): error G1B44045D: 'ChatMessage' isn't a type. [D:\JOSEPH VISHAL\OneDrive\Documents\MSRIT\3rd Year\WhackIest\travel_hackathon-main\build\windows\x64\flutter\flutter_assemble.vcxproj]
lib/features/social/data/mock_social_repository.dart(39,7): error GB1B8BC88: Method not found: 'ChatMessage'. [D:\JOSEPH VISHAL\OneDrive\Documents\MSRIT\3rd Year\WhackIest\travel_hackathon-main\build\windows\x64\flutter\flutter_assemble.vcxproj]
lib/features/social/data/mock_social_repository.dart(46,7): error GB1B8BC88: Method not found: 'ChatMessage'. [D:\JOSEPH VISHAL\OneDrive\Documents\MSRIT\3rd Year\WhackIest\travel_hackathon-main\build\windows\x64\flutter\flutter_assemble.vcxproj]
lib/features/social/data/mock_social_repository.dart(59,35): error GD65BB2B6: The getter 'city' isn't defined for the type 'Object?'. [D:\JOSEPH VISHAL\OneDrive\Documents\MSRIT\3rd Year\WhackIest\travel_hackathon-main\build\windows\x64\flutter\flutter_assemble.vcxproj]
lib/features/social/data/mock_social_repository.dart(66,47): error GD65BB2B6: The getter 'id' isn't defined for the type 'Object?'. [D:\JOSEPH VISHAL\OneDrive\Documents\MSRIT\3rd Year\WhackIest\travel_hackathon-main\build\windows\x64\flutter\flutter_assemble.vcxproj]
lib/features/social/data/mock_social_repository.dart(69,12): error G76A9B1F6: The method 'GroupChat' isn't defined for the type 'MockSocialRepository'. [D:\JOSEPH VISHAL\OneDrive\Documents\MSRIT\3rd Year\WhackIest\travel_hackathon-main\build\windows\x64\flutter\flutter_assemble.vcxproj]
lib/features/social/data/mock_social_repository.dart(83,57): error G14CEF40B: 'UserModel' isn't a type. [D:\JOSEPH VISHAL\OneDrive\Documents\MSRIT\3rd Year\WhackIest\travel_hackathon-main\build\windows\x64\flutter\flutter_assemble.vcxproj]
lib/features/social/data/mock_social_repository.dart(85,24): error G76A9B1F6: The method 'ChatMessage' isn't defined for the type 'MockSocialRepository'. [D:\JOSEPH VISHAL\OneDrive\Documents\MSRIT\3rd Year\WhackIest\travel_hackathon-main\build\windows\x64\flutter\flutter_assemble.vcxproj]
lib/features/discovery/data/mock_discovery_repository.dart(5,14): error G04F2C0E8: 'Hotel' isn't a type. [D:\JOSEPH VISHAL\OneDrive\Documents\MSRIT\3rd Year\WhackIest\travel_hackathon-main\build\windows\x64\flutter\flutter_assemble.vcxproj]
lib/features/discovery/data/mock_discovery_repository.dart(6,11): error G8DF93418: Couldn't find constructor 'Hotel'. [D:\JOSEPH VISHAL\OneDrive\Documents\MSRIT\3rd Year\WhackIest\travel_hackathon-main\build\windows\x64\flutter\flutter_assemble.vcxproj]
lib/features/discovery/data/mock_discovery_repository.dart(16,11): error G8DF93418: Couldn't find constructor 'Hotel'. [D:\JOSEPH VISHAL\OneDrive\Documents\MSRIT\3rd Year\WhackIest\travel_hackathon-main\build\windows\x64\flutter\flutter_assemble.vcxproj]
lib/features/discovery/data/mock_discovery_repository.dart(28,14): error GA0758062: 'Quest' isn't a type. [D:\JOSEPH VISHAL\OneDrive\Documents\MSRIT\3rd Year\WhackIest\travel_hackathon-main\build\windows\x64\flutter\flutter_assemble.vcxproj]
lib/features/discovery/data/mock_discovery_repository.dart(29,5): error GB1B8BC88: Method not found: 'Quest'. [D:\JOSEPH VISHAL\OneDrive\Documents\MSRIT\3rd Year\WhackIest\travel_hackathon-main\build\windows\x64\flutter\flutter_assemble.vcxproj]
lib/features/discovery/data/mock_discovery_repository.dart(38,5): error GB1B8BC88: Method not found: 'Quest'. [D:\JOSEPH VISHAL\OneDrive\Documents\MSRIT\3rd Year\WhackIest\travel_hackathon-main\build\windows\x64\flutter\flutter_assemble.vcxproj]
C:\Program Files (x86)\Microsoft Visual Studio\2019\BuildTools\MSBuild\Microsoft\VC\v160\Microsoft.CppCommon.targets(241,5): error MSB8066: Custom build for 'D:\JOSEPH VISHAL\OneDrive\Documents\MSRIT\3rd Year\WhackIest\travel_hackathon-main\build\windows\x64\CMakeFiles\78b8395a1902328e00fd81e351453234\flutter_windows.dll.rule;D:\JOSEPH VISHAL\OneDrive\Documents\MSRIT\3rd Year\WhackIest\travel_hackathon-main\build\windows\x64\CMakeFiles\bbbbf4803576c50f654779ea5417ccc3\flutter_assemble.rule' exited with code 1. [D:\JOSEPH VISHAL\OneDrive\Documents\MSRIT\3rd Year\WhackIest\travel_hackathon-main\build\windows\x64\flutter\flutter_assemble.vcxproj]
Building Windows application...                                     7.5s
Build process failed.
