Building Windows application...                                 
lib/features/auth/data/firebase_auth_repository.dart(7,7): error G21C97077: The non-abstract class 'FirebaseAuthRepository' is missing implementations for these members: [D:\JOSEPH VISHAL\OneDrive\Documents\MSRIT\3rd Year\WhackIest\travel_hackathon-main\build\windows\x64\flutter\flutter_assemble.vcxproj]
lib/features/auth/data/firebase_auth_repository.dart(9,38): error G8DF93418: Couldn't find constructor 'GoogleSignIn'. [D:\JOSEPH VISHAL\OneDrive\Documents\MSRIT\3rd Year\WhackIest\travel_hackathon-main\build\windows\x64\flutter\flutter_assemble.vcxproj]
lib/features/auth/data/firebase_auth_repository.dart(46,67): error G76A9B1F6: The method 'signIn' isn't defined for the type 'GoogleSignIn'. [D:\JOSEPH VISHAL\OneDrive\Documents\MSRIT\3rd Year\WhackIest\travel_hackathon-main\build\windows\x64\flutter\flutter_assemble.vcxproj]
lib/features/auth/data/firebase_auth_repository.dart(54,33): error GD65BB2B6: The getter 'accessToken' isn't defined for the type 'GoogleSignInAuthentication'. [D:\JOSEPH VISHAL\OneDrive\Documents\MSRIT\3rd Year\WhackIest\travel_hackathon-main\build\windows\x64\flutter\flutter_assemble.vcxproj]
C:\Program Files (x86)\Microsoft Visual Studio\2019\BuildTools\MSBuild\Microsoft\VC\v160\Microsoft.CppCommon.targets(241,5): error MSB8066: Custom build for 'D:\JOSEPH VISHAL\OneDrive\Documents\MSRIT\3rd Year\WhackIest\travel_hackathon-main\build\windows\x64\CMakeFiles\78b8395a1902328e00fd81e351453234\flutter_windows.dll.rule;D:\JOSEPH VISHAL\OneDrive\Documents\MSRIT\3rd Year\WhackIest\travel_hackathon-main\build\windows\x64\CMakeFiles\bbbbf4803576c50f654779ea5417ccc3\flutter_assemble.rule' exited with code 1. [D:\JOSEPH VISHAL\OneDrive\Documents\MSRIT\3rd Year\WhackIest\travel_hackathon-main\build\windows\x64\flutter\flutter_assemble.vcxproj]
Building Windows application...                                     9.2s
Build process failed.
